<?xml version="1.0" encoding="UTF-8"?>
<testng-results skipped="0" failed="0" total="3" passed="3">
  <reporter-output>
  </reporter-output>
  <suite name="Suite" duration-ms="64581" started-at="2016-07-22T17:45:00Z" finished-at="2016-07-22T17:46:04Z">
    <groups>
    </groups>
    <test name="Test iPhone6S" duration-ms="33038" started-at="2016-07-22T17:45:00Z" finished-at="2016-07-22T17:45:33Z">
      <class name="com.networkPreference.tests.NetworkPreferencesTest">
        <test-method status="PASS" signature="beforeTest(java.lang.String, java.lang.String, java.lang.String, java.lang.String, java.lang.String)[pri:0, instance:com.networkPreference.tests.NetworkPreferencesTest@1fcfece]" name="beforeTest" is-config="true" duration-ms="6664" started-at="2016-07-22T23:15:00Z" finished-at="2016-07-22T23:15:06Z">
          <params>
            <param index="0">
              <value>
                <![CDATA[iOS]]>
              </value>
            </param>
            <param index="1">
              <value>
                <![CDATA[22DA473129BBF7735D0CB04F8E39C901F852FF77]]>
              </value>
            </param>
            <param index="2">
              <value>
                <![CDATA[]]>
              </value>
            </param>
            <param index="3">
              <value>
                <![CDATA[com.kayak.travel]]>
              </value>
            </param>
            <param index="4">
              <value>
                <![CDATA[4g_lte_advanced_good]]>
              </value>
            </param>
          </params>
          <reporter-output>
          </reporter-output>
        </test-method> <!-- beforeTest -->
        <test-method status="PASS" signature="networkPreferenceTest(java.lang.String)[pri:0, instance:com.networkPreference.tests.NetworkPreferencesTest@1fcfece]" name="networkPreferenceTest" duration-ms="13736" started-at="2016-07-22T23:15:06Z" finished-at="2016-07-22T23:15:20Z">
          <params>
            <param index="0">
              <value>
                <![CDATA[4g_lte_advanced_good]]>
              </value>
            </param>
          </params>
          <reporter-output>
          </reporter-output>
        </test-method> <!-- networkPreferenceTest -->
        <test-method status="PASS" signature="afterClass()[pri:0, instance:com.networkPreference.tests.NetworkPreferencesTest@1fcfece]" name="afterClass" is-config="true" duration-ms="12622" started-at="2016-07-22T23:15:20Z" finished-at="2016-07-22T23:15:33Z">
          <reporter-output>
          </reporter-output>
        </test-method> <!-- afterClass -->
      </class> <!-- com.networkPreference.tests.NetworkPreferencesTest -->
    </test> <!-- Test iPhone6S -->
    <test name="Test iPhone6-Plus" duration-ms="39650" started-at="2016-07-22T17:45:00Z" finished-at="2016-07-22T17:45:39Z">
      <class name="com.networkPreference.tests.NetworkPreferencesTest">
        <test-method status="PASS" signature="beforeTest(java.lang.String, java.lang.String, java.lang.String, java.lang.String, java.lang.String)[pri:0, instance:com.networkPreference.tests.NetworkPreferencesTest@178f375]" name="beforeTest" is-config="true" duration-ms="6643" started-at="2016-07-22T23:15:00Z" finished-at="2016-07-22T23:15:06Z">
          <params>
            <param index="0">
              <value>
                <![CDATA[iOS]]>
              </value>
            </param>
            <param index="1">
              <value>
                <![CDATA[178D3A398F2C6D562597E56DFC146851143B380A]]>
              </value>
            </param>
            <param index="2">
              <value>
                <![CDATA[]]>
              </value>
            </param>
            <param index="3">
              <value>
                <![CDATA[com.kayak.travel]]>
              </value>
            </param>
            <param index="4">
              <value>
                <![CDATA[3g_umts_average]]>
              </value>
            </param>
          </params>
          <reporter-output>
          </reporter-output>
        </test-method> <!-- beforeTest -->
        <test-method status="PASS" signature="networkPreferenceTest(java.lang.String)[pri:0, instance:com.networkPreference.tests.NetworkPreferencesTest@178f375]" name="networkPreferenceTest" duration-ms="28805" started-at="2016-07-22T23:15:06Z" finished-at="2016-07-22T23:15:35Z">
          <params>
            <param index="0">
              <value>
                <![CDATA[3g_umts_average]]>
              </value>
            </param>
          </params>
          <reporter-output>
          </reporter-output>
        </test-method> <!-- networkPreferenceTest -->
        <test-method status="PASS" signature="afterClass()[pri:0, instance:com.networkPreference.tests.NetworkPreferencesTest@178f375]" name="afterClass" is-config="true" duration-ms="4168" started-at="2016-07-22T23:15:35Z" finished-at="2016-07-22T23:15:39Z">
          <reporter-output>
          </reporter-output>
        </test-method> <!-- afterClass -->
      </class> <!-- com.networkPreference.tests.NetworkPreferencesTest -->
    </test> <!-- Test iPhone6-Plus -->
    <test name="Test iPhone6" duration-ms="64581" started-at="2016-07-22T17:45:00Z" finished-at="2016-07-22T17:46:04Z">
      <class name="com.networkPreference.tests.NetworkPreferencesTest">
        <test-method status="PASS" signature="beforeTest(java.lang.String, java.lang.String, java.lang.String, java.lang.String, java.lang.String)[pri:0, instance:com.networkPreference.tests.NetworkPreferencesTest@1a485d2]" name="beforeTest" is-config="true" duration-ms="9350" started-at="2016-07-22T23:15:00Z" finished-at="2016-07-22T23:15:09Z">
          <params>
            <param index="0">
              <value>
                <![CDATA[iOS]]>
              </value>
            </param>
            <param index="1">
              <value>
                <![CDATA[076164908B998B9944CE5E3A50E1028D5708AAEF]]>
              </value>
            </param>
            <param index="2">
              <value>
                <![CDATA[]]>
              </value>
            </param>
            <param index="3">
              <value>
                <![CDATA[com.kayak.travel]]>
              </value>
            </param>
            <param index="4">
              <value>
                <![CDATA[2g_edge_average]]>
              </value>
            </param>
          </params>
          <reporter-output>
          </reporter-output>
        </test-method> <!-- beforeTest -->
        <test-method status="PASS" signature="networkPreferenceTest(java.lang.String)[pri:0, instance:com.networkPreference.tests.NetworkPreferencesTest@1a485d2]" name="networkPreferenceTest" duration-ms="35898" started-at="2016-07-22T23:15:09Z" finished-at="2016-07-22T23:15:45Z">
          <params>
            <param index="0">
              <value>
                <![CDATA[2g_edge_average]]>
              </value>
            </param>
          </params>
          <reporter-output>
          </reporter-output>
        </test-method> <!-- networkPreferenceTest -->
        <test-method status="PASS" signature="afterClass()[pri:0, instance:com.networkPreference.tests.NetworkPreferencesTest@1a485d2]" name="afterClass" is-config="true" duration-ms="19329" started-at="2016-07-22T23:15:45Z" finished-at="2016-07-22T23:16:04Z">
          <reporter-output>
          </reporter-output>
        </test-method> <!-- afterClass -->
      </class> <!-- com.networkPreference.tests.NetworkPreferencesTest -->
    </test> <!-- Test iPhone6 -->
  </suite> <!-- Suite -->
</testng-results>
