<?xml version="1.0" encoding="UTF-8"?>
<!-- Generated by org.testng.reporters.JUnitXMLReporter -->
<testsuite hostname="nb-sreevatsa-8" name="Test iPadPro" tests="1" failures="1" timestamp="8 Mar 2016 08:30:57 GMT" time="49.076" errors="0">
  <testcase name="loginWithInvalidCredentials" time="6.169" classname="com.perfecto.demo.tests.Flipkart.LoginToeBayTest">
    <failure type="org.openqa.selenium.NoSuchElementException" message="Can&amp;apos;t locate an element by this strategy: By.xpath: //a[@title=&amp;apos;Go to My eBay page&amp;apos;]/span[@class=&amp;apos;hdSpt&amp;apos;]
For documentation on this error, please visit: http://seleniumhq.org/exceptions/no_such_element.html
Build info: version: &amp;apos;2.48.0&amp;apos;, revision: &amp;apos;b7b081a4f1289f17e8ecd38bc67e137c2a12e34a&amp;apos;, time: &amp;apos;2015-10-07 09:50:14&amp;apos;
System info: host: &amp;apos;nb-sreevatsa-8&amp;apos;, ip: &amp;apos;192.168.1.16&amp;apos;, os.name: &amp;apos;Windows 8.1&amp;apos;, os.arch: &amp;apos;amd64&amp;apos;, os.version: &amp;apos;6.3&amp;apos;, java.version: &amp;apos;1.8.0_65&amp;apos;
Driver info: driver.version: unknown">
      <![CDATA[org.openqa.selenium.NoSuchElementException: Can't locate an element by this strategy: By.xpath: //a[@title='Go to My eBay page']/span[@class='hdSpt']
For documentation on this error, please visit: http://seleniumhq.org/exceptions/no_such_element.html
Build info: version: '2.48.0', revision: 'b7b081a4f1289f17e8ecd38bc67e137c2a12e34a', time: '2015-10-07 09:50:14'
System info: host: 'nb-sreevatsa-8', ip: '192.168.1.16', os.name: 'Windows 8.1', os.arch: 'amd64', os.version: '6.3', java.version: '1.8.0_65'
Driver info: driver.version: unknown
	at io.appium.java_client.pagefactory.AppiumElementLocator.findElement(AppiumElementLocator.java:169)
	at io.appium.java_client.pagefactory.ElementInterceptor.intercept(ElementInterceptor.java:30)
	at org.openqa.selenium.remote.RemoteWebElement$$EnhancerByCGLIB$$db784bb2.click(<generated>)
	at com.perfecto.demo.pageObjects.eBay.HomeScreenPageObject.userIconClick(HomeScreenPageObject.java:14)
	at com.perfecto.demo.tests.Flipkart.LoginToeBayTest.loginWithInvalidCredentials(LoginToeBayTest.java:29)
	at java.util.concurrent.FutureTask.run(FutureTask.java:266)
	at java.util.concurrent.ThreadPoolExecutor.runWorker(ThreadPoolExecutor.java:1142)
	at java.util.concurrent.ThreadPoolExecutor$Worker.run(ThreadPoolExecutor.java:617)
	at java.lang.Thread.run(Thread.java:745)
... Removed 16 stack frames]]>
    </failure>
  </testcase> <!-- loginWithInvalidCredentials -->
</testsuite> <!-- Test iPadPro -->
