<?xml version="1.0" encoding="UTF-8"?>
<!-- Generated by org.testng.reporters.JUnitReportReporter -->
<testsuite hostname="nb-sreevatsa-8" name="com.perfecto.demo.tests.Flipkart.LoginToFlipKartTest" tests="2" failures="0" timestamp="24 Feb 2016 15:45:09 GMT" time="198.160" errors="0">
  <testcase name="loginWithInvalidCredentials" time="84.030" classname="com.perfecto.demo.tests.Flipkart.LoginToFlipKartTest"/>
  <testcase name="loginWithInvalidCredentials" time="114.130" classname="com.perfecto.demo.tests.Flipkart.LoginToFlipKartTest"/>
</testsuite> <!-- com.perfecto.demo.tests.Flipkart.LoginToFlipKartTest -->
