<?xml version="1.0" encoding="UTF-8"?>
<!-- Generated by org.testng.reporters.JUnitReportReporter -->
<testsuite hostname="nb-sreevatsa-8" name="com.perfecto.demo.tests.Flipkart.LoginToeBayTest" tests="2" failures="0" timestamp="8 Mar 2016 08:34:52 GMT" time="61.169" errors="0">
  <testcase name="loginWithInvalidCredentials" time="14.984" classname="com.perfecto.demo.tests.Flipkart.LoginToeBayTest"/>
  <testcase name="loginWithInvalidCredentials" time="46.185" classname="com.perfecto.demo.tests.Flipkart.LoginToeBayTest"/>
</testsuite> <!-- com.perfecto.demo.tests.Flipkart.LoginToeBayTest -->
